

18-09-25 10:34:37

44 => Wechat::get_userid


18-09-25 10:34:38

44 => Wechat::get_userid
93 => Wechat::get_oauth2_code


18-09-25 10:34:40

44 => Wechat::get_userid
93 => Wechat::get_oauth2_code
117 => Wechat::get_oauth2_openid
123 => openid:o2H460fVaVXMz4nPDZI4sA6jvUpI
61 => wechatid:o2H460fVaVXMz4nPDZI4sA6jvUpI
wuser_info: 
subscribe=>1
openid=>o2H460fVaVXMz4nPDZI4sA6jvUpI
nickname=>木子19927657252
sex=>1
language=>zh_CN
city=>广州
province=>广东
country=>中国
headimgurl=>http://thirdwx.qlogo.cn/mmopen/bc3PCKp6rUQQuWt48okaq3ibVl6mduFySibzQjZxCJ8E9NW7shtgjR7LMNMATm6SHx6s8iaOvIBfaic9C7rzy6VlpI3YIDeZUS9K/132
subscribe_time=>1535537888
remark=>
groupid=>0
tagid_list=>Array
subscribe_scene=>ADD_SCENE_SEARCH
qr_scene=>0
qr_scene_str=>


18-09-25 10:37:30

44 => Wechat::get_userid


18-09-25 10:37:33

44 => Wechat::get_userid


18-09-25 10:37:38

44 => Wechat::get_userid


18-09-25 10:37:42

44 => Wechat::get_userid
93 => Wechat::get_oauth2_code


18-09-25 10:37:43

44 => Wechat::get_userid
93 => Wechat::get_oauth2_code
117 => Wechat::get_oauth2_openid
123 => openid:o2H460fVaVXMz4nPDZI4sA6jvUpI
61 => wechatid:o2H460fVaVXMz4nPDZI4sA6jvUpI
wuser_info: 
subscribe=>1
openid=>o2H460fVaVXMz4nPDZI4sA6jvUpI
nickname=>木子19927657252
sex=>1
language=>zh_CN
city=>广州
province=>广东
country=>中国
headimgurl=>http://thirdwx.qlogo.cn/mmopen/bc3PCKp6rUQQuWt48okaq3ibVl6mduFySibzQjZxCJ8E9NW7shtgjR7LMNMATm6SHx6s8iaOvIBfaic9C7rzy6VlpI3YIDeZUS9K/132
subscribe_time=>1535537888
remark=>
groupid=>0
tagid_list=>Array
subscribe_scene=>ADD_SCENE_SEARCH
qr_scene=>0
qr_scene_str=>


18-09-25 10:38:43

44 => Wechat::get_userid
93 => Wechat::get_oauth2_code


18-09-25 10:39:10

44 => Wechat::get_userid


18-09-25 10:39:12

44 => Wechat::get_userid


18-09-25 10:39:25

44 => Wechat::get_userid


18-09-25 10:39:30

44 => Wechat::get_userid


18-09-25 10:40:33

44 => Wechat::get_userid
93 => Wechat::get_oauth2_code


18-09-25 10:42:40

44 => Wechat::get_userid


18-09-25 10:43:48

44 => Wechat::get_userid


18-09-25 10:43:54

44 => Wechat::get_userid


18-09-25 10:43:58

44 => Wechat::get_userid
